<?xml version="1.0" encoding="UTF-8"?>
<testsuite xmlns:xsi="http://www.w3.org/2001/XMLSchema-instance" xsi:schemaLocation="https://maven.apache.org/surefire/maven-surefire-plugin/xsd/surefire-test-report.xsd" name="StepsDefinitions.TestRunner" time="8.106" tests="6" errors="0" skipped="0" failures="0">
  <properties>
    <property name="java.runtime.name" value="Java(TM) SE Runtime Environment"/>
    <property name="sun.boot.library.path" value="C:\Program Files\Java\jdk1.8.0_131\jre\bin"/>
    <property name="java.vm.version" value="25.131-b11"/>
    <property name="java.vm.vendor" value="Oracle Corporation"/>
    <property name="maven.multiModuleProjectDirectory" value="D:\TasksTimer WKS\RestAssured-WithCucumber"/>
    <property name="java.vendor.url" value="http://java.oracle.com/"/>
    <property name="path.separator" value=";"/>
    <property name="guice.disable.misplaced.annotation.check" value="true"/>
    <property name="java.vm.name" value="Java HotSpot(TM) 64-Bit Server VM"/>
    <property name="file.encoding.pkg" value="sun.io"/>
    <property name="user.script" value=""/>
    <property name="user.country" value="FR"/>
    <property name="sun.java.launcher" value="SUN_STANDARD"/>
    <property name="sun.os.patch.level" value="Service Pack 1"/>
    <property name="java.vm.specification.name" value="Java Virtual Machine Specification"/>
    <property name="user.dir" value="D:\TasksTimer WKS\RestAssured-WithCucumber"/>
    <property name="java.runtime.version" value="1.8.0_131-b11"/>
    <property name="java.awt.graphicsenv" value="sun.awt.Win32GraphicsEnvironment"/>
    <property name="java.endorsed.dirs" value="C:\Program Files\Java\jdk1.8.0_131\jre\lib\endorsed"/>
    <property name="os.arch" value="amd64"/>
    <property name="java.io.tmpdir" value="C:\Users\Abdou\AppData\Local\Temp\"/>
    <property name="line.separator" value="&#10;"/>
    <property name="java.vm.specification.vendor" value="Oracle Corporation"/>
    <property name="user.variant" value=""/>
    <property name="os.name" value="Windows 7"/>
    <property name="classworlds.conf" value="C:\Program Files\Apache Software Foundation\apache-maven-3.6.2\bin\m2.conf"/>
    <property name="sun.jnu.encoding" value="Cp1252"/>
    <property name="java.library.path" value="C:\Program Files\Java\jdk1.8.0_131\bin;C:\windows\Sun\Java\bin;C:\windows\system32;C:\windows;C:\ProgramData\Oracle\Java\javapath;C:\ProgramData\Boxstarter;C:\Program Files (x86)\Common Files\Oracle\Java\javapath;C:\Program Files\Common Files\Microsoft Shared\Windows Live;C:\Program Files (x86)\Common Files\Microsoft Shared\Windows Live;C:\orant\bin;d:\app\oracle\product\12.1.0\dbhome_1\bin;C:\Program Files\EasyPHP-DevServer-14.1VC9\binaries\php\php_runningversion;C:\Program Files (x86)\EasyPHP-DevServer-14.1VC9\binaries\php\php_runningversion;C:\Windows\system32;C:\Windows;C:\Windows\System32\Wbem;C:\Windows\System32\WindowsPowerShell\v1.0\;C:\Program Files (x86)\GtkSharp\2.12\bin;C:\Program Files\Intel\WiFi\bin\;C:\Program Files\Common Files\Intel\WirelessCommon\;C:\Program Files (x86)\Microsoft SQL Server\100\Tools\Binn\;C:\Program Files\Microsoft SQL Server\100\Tools\Binn\;C:\Program Files\Microsoft SQL Server\100\DTS\Binn\;C:\Program Files (x86)\PKWARE\pkzipc;C:\Program Files (x86)\Windows Live\Shared;C:\Program Files\Git\cmd;C:\usr\local\node_modules\ionic;C:\Program Files (x86)\Apache Software Founadation\apache-maven-3.3.9\apache-maven\src\bin;C:\Program Files\MongoDB\Server\3.4\bin;C:\Program Files (x86)\Skype\Phone;C:\usr\local;C:\Users\Abdou\Desktop\projetmeanjs\mean\node_modules\.bin;C:\Program Files\apache-maven-3.5.0\apache-maven\src\bin;D:\ANDROID_64bits_api21\ANDROID\sdk;C:\Users\Abdou\AppData\Local\Android\android-sdk;M2_HOME%\bin;C:\Program Files\IDM Computer Solutions\UltraEdit;C:\Program Files (x86)\Microsoft VS Code\bin;C:\ProgramData\chocolatey\bin;C:\Program Files\nodejs\;C:\Users\Abdou\AppData\Local\Programs\Python\Python38-32\Scripts;C:\Users\Abdou\AppData\Local\Programs\Python\Python38-32\;C:\ProgramData\chocolatey\bin;C:\Program Files\Java\jdk1.8.0_131\bin;C:\Program Files\Java\jre1.8.0_131\bin;C:\Program Files\Apache Software Foundation\apache-maven-3.5.2\bin;C:\Program Files\Java\jdk1.8.0_131;C:\Program Files\Apache Software Foundation\apache-maven-3.6.2\bin;C:\Program Files (x86)\kubectl;C:\jenkins-cli;C:\apache-jmeter-5.2.1\bin;C:\apache-tomacat-7.0.37\bin;C:\Users\Abdou\AppData\Local\Programs\Python\Python38-32\Scripts\;C:\Users\Abdou\AppData\Local\Programs\Python\Python38-32\;C:\Users\Abdou\.windows-build-tools\python27\;C:\usr\local\node_modules\npm\node_modules\npm-lifecycle\node-gyp-bin;D:\usr\local\node_modules\windows-build-tools\node_modules\.bin;D:\usr\local\node_modules\.bin;C:\ProgramData\Boxstarter;C:\Program Files (x86)\Common Files\Oracle\Java\javapath;C:\Program Files\Common Files\Microsoft Shared\Windows Live;C:\Program Files (x86)\Common Files\Microsoft Shared\Windows Live;C:\orant\bin;d:\app\oracle\product\12.1.0\dbhome_1\bin;C:\Program Files\EasyPHP-DevServer-14.1VC9\binaries\php\php_runningversion;C:\Program Files (x86)\EasyPHP-DevServer-14.1VC9\binaries\php\php_runningversion;C:\ProgramData\Oracle\Java\javapath;C:\Windows\system32;C:\Windows;C:\Windows\System32\Wbem;C:\Windows\System32\WindowsPowerShell\v1.0\;C:\Program Files (x86)\GtkSharp\2.12\bin;C:\Program Files\Intel\WiFi\bin\;C:\Program Files\Common Files\Intel\WirelessCommon\;C:\Program Files (x86)\Microsoft SQL Server\100\Tools\Binn\;C:\Program Files\Microsoft SQL Server\100\Tools\Binn\;C:\Program Files\Microsoft SQL Server\100\DTS\Binn\;C:\orant\jdk\bin;C:\Program Files (x86)\PKWARE\pkzipc;C:\Program Files (x86)\Java\jdk1.7.0_45\bin;C:\Program Files (x86)\Windows Live\Shared;C:\Program Files\Git\cmd;C:\usr\local\node_modules\ionic;C:\Program Files (x86)\Apache Software Founadation\apache-maven-3.3.9\apache-maven\src\bin;C:\Program Files\Java\jdk1.8.0_121\bin;C:\Program Files\MongoDB\Server\3.4\bin;C:\Program Files (x86)\Skype\Phone;C:\usr\local;C:\Users\Abdou\Desktop\projetmeanjs\mean\node_modules\.bin;C:\Program Files\apache-maven-3.5.0\apache-maven\src\bin;D:\ANDROID_64bits_api21\ANDROID\sdk;C:\Users\Abdou\AppData\Local\Android\android-sdk;M2_HOME%\bin;C:\Program Files\Java\jdk1.8.0_131\bin;C:\Program Files\Java\jdk1.8.0_131\bin;C:\Program Files\Java\jdk1.8.0_171\bin;C:\Program Files\IDM Computer Solutions\UltraEdit;C:\Program Files (x86)\Microsoft VS Code\bin;C:\ProgramData\chocolatey\bin;C:\Program Files\nodejs\;C:\Users\Abdou\AppData\Roaming\Dashlane\4.6.8.26847\bin\Firefox_Extension\{442718d9-475e-452a-b3e1-fb1ee16b8e9f}\components;C:\Users\Abdou\AppData\Roaming\npm;C:\Program Files\JetBrains\IntelliJ IDEA 2019.1\bin;;C:\Program Files\JetBrains\IntelliJ IDEA Community Edition 2019.1.2\bin;;."/>
    <property name="maven.conf" value="C:\Program Files\Apache Software Foundation\apache-maven-3.6.2/conf"/>
    <property name="java.specification.name" value="Java Platform API Specification"/>
    <property name="java.class.version" value="52.0"/>
    <property name="sun.management.compiler" value="HotSpot 64-Bit Tiered Compilers"/>
    <property name="os.version" value="6.1"/>
    <property name="user.home" value="C:\Users\Abdou"/>
    <property name="user.timezone" value="GMT+01:00"/>
    <property name="java.awt.printerjob" value="sun.awt.windows.WPrinterJob"/>
    <property name="java.specification.version" value="1.8"/>
    <property name="file.encoding" value="Cp1252"/>
    <property name="user.name" value="Abdou"/>
    <property name="java.class.path" value="C:\Program Files\Apache Software Foundation\apache-maven-3.6.2\boot\plexus-classworlds-2.6.0.jar"/>
    <property name="java.vm.specification.version" value="1.8"/>
    <property name="sun.arch.data.model" value="64"/>
    <property name="java.home" value="C:\Program Files\Java\jdk1.8.0_131\jre"/>
    <property name="sun.java.command" value="org.codehaus.plexus.classworlds.launcher.Launcher verify"/>
    <property name="java.specification.vendor" value="Oracle Corporation"/>
    <property name="user.language" value="fr"/>
    <property name="awt.toolkit" value="sun.awt.windows.WToolkit"/>
    <property name="java.vm.info" value="mixed mode"/>
    <property name="java.version" value="1.8.0_131"/>
    <property name="java.ext.dirs" value="C:\Program Files\Java\jdk1.8.0_131\jre\lib\ext;C:\windows\Sun\Java\lib\ext"/>
    <property name="sun.boot.class.path" value="C:\Program Files\Java\jdk1.8.0_131\jre\lib\resources.jar;C:\Program Files\Java\jdk1.8.0_131\jre\lib\rt.jar;C:\Program Files\Java\jdk1.8.0_131\jre\lib\sunrsasign.jar;C:\Program Files\Java\jdk1.8.0_131\jre\lib\jsse.jar;C:\Program Files\Java\jdk1.8.0_131\jre\lib\jce.jar;C:\Program Files\Java\jdk1.8.0_131\jre\lib\charsets.jar;C:\Program Files\Java\jdk1.8.0_131\jre\lib\jfr.jar;C:\Program Files\Java\jdk1.8.0_131\jre\classes"/>
    <property name="sun.stderr.encoding" value="cp850"/>
    <property name="java.vendor" value="Oracle Corporation"/>
    <property name="maven.home" value="C:\Program Files\Apache Software Foundation\apache-maven-3.6.2"/>
    <property name="file.separator" value="\"/>
    <property name="java.vendor.url.bug" value="http://bugreport.sun.com/bugreport/"/>
    <property name="sun.cpu.endian" value="little"/>
    <property name="sun.io.unicode.encoding" value="UnicodeLittle"/>
    <property name="sun.stdout.encoding" value="cp850"/>
    <property name="sun.desktop" value="windows"/>
    <property name="sun.cpu.isalist" value="amd64"/>
  </properties>
  <testcase name="verify list of users" classname="Verify  GET operation using Rest-Assured" time="3.659"/>
  <testcase name="verify one fname of users" classname="Verify  GET operation using Rest-Assured" time="1.043"/>
  <testcase name="verify Query Parameters" classname="Verify  GET operation using Rest-Assured" time="0.184"/>
  <testcase name="verify Path Parameters" classname="Verify  GET operation using Rest-Assured" time="0.525"/>
  <testcase name="verify POST operation" classname="POST User" time="0.465"/>
  <testcase name="verify DELETE operation after POST" classname="Delete User" time="0.041"/>
</testsuite>